<?xml version="1.0" encoding="UTF-8"?>
<!-- Generated by org.testng.reporters.JUnitReportReporter -->
<testsuite hostname="NARAHARI-REDDY-9989" failures="0" tests="2" name="TestNG.Wait_Selenium" time="7.478" errors="0" timestamp="2025-06-01T00:24:21 IST" skipped="0">
  <testcase classname="TestNG.Wait_Selenium" name="Test1" time="4.594"/>
  <testcase classname="TestNG.Wait_Selenium" name="Test2" time="2.884"/>
</testsuite> <!-- TestNG.Wait_Selenium -->
