<?xml version="1.0" encoding="UTF-8"?>
<!-- Generated by org.testng.reporters.JUnitReportReporter -->
<testsuite hostname="NARAHARI-REDDY-9989" failures="0" tests="1" name="CSSelectorDemo.ByCSSClassName" time="4.336" errors="0" timestamp="2025-05-21T19:20:58 IST" skipped="0">
  <testcase classname="CSSelectorDemo.ByCSSClassName" name="browserLaunch" time="4.336"/>
</testsuite> <!-- CSSelectorDemo.ByCSSClassName -->
