<?xml version="1.0" encoding="UTF-8"?>
<!-- Generated by org.testng.reporters.JUnitReportReporter -->
<testsuite hostname="NARAHARI-REDDY-9989" failures="0" tests="6" name="TestNG.Anotation2" time="1.491" errors="0" timestamp="2025-05-21T00:09:51 IST" skipped="0">
  <testcase classname="TestNG.Anotation2" name="OpenURL" time="1.434"/>
  <testcase classname="TestNG.Anotation2" name="Login" time="0.011"/>
  <testcase classname="TestNG.Anotation2" name="SearchProduct" time="0.016"/>
  <testcase classname="TestNG.Anotation2" name="AddCart" time="0.010"/>
  <testcase classname="TestNG.Anotation2" name="AddAddress" time="0.009"/>
  <testcase classname="TestNG.Anotation2" name="PaymentGateway" time="0.011"/>
</testsuite> <!-- TestNG.Anotation2 -->
