<?xml version="1.0" encoding="UTF-8"?>
<!-- Generated by org.testng.reporters.JUnitReportReporter -->
<testsuite hostname="NARAHARI-REDDY-9989" failures="0" tests="1" name="TestNG.Annotations" time="0.023" errors="0" timestamp="2025-05-21T10:37:55 IST" skipped="0">
  <testcase classname="TestNG.Annotations" name="Login" time="0.023"/>
</testsuite> <!-- TestNG.Annotations -->
