<?xml version="1.0" encoding="UTF-8"?>
<!-- Generated by org.testng.reporters.JUnitReportReporter -->
<testsuite hostname="NARAHARI-REDDY-9989" failures="0" tests="1" name="TestNG.TestNG_Title" time="5.854" errors="0" timestamp="2025-05-21T11:07:56 IST" skipped="0">
  <testcase classname="TestNG.TestNG_Title" name="title" time="5.854"/>
</testsuite> <!-- TestNG.TestNG_Title -->
