<?xml version="1.0" encoding="UTF-8"?>
<!-- Generated by org.testng.reporters.JUnitReportReporter -->
<testsuite hostname="NARAHARI-REDDY-9989" failures="0" tests="1" name="CSSelectorDemo.ByCSSID" time="2.122" errors="0" timestamp="2025-05-21T16:54:45 IST" skipped="0">
  <testcase classname="CSSelectorDemo.ByCSSID" name="Cssid" time="2.122"/>
</testsuite> <!-- CSSelectorDemo.ByCSSID -->
