<?xml version="1.0" encoding="UTF-8"?>
<!-- Generated by org.testng.reporters.JUnitReportReporter -->
<testsuite hostname="NARAHARI-REDDY-9989" failures="0" tests="1" name="TestNG.TestNG_Reports" time="6.770" errors="0" timestamp="2025-05-21T11:27:49 IST" skipped="0">
  <testcase classname="TestNG.TestNG_Reports" name="LaunchBrowser" time="6.770">
    <system-out>
      <![CDATA[title of the pageOnline Shopping Site for Mobiles, Electronics, Furniture, Grocery, Lifestyle, Books & More. Best Offers!
URL of the pagehttps://www.flipkart.com/]]>
    </system-out>
  </testcase> <!-- LaunchBrowser -->
  <system-out>
    <![CDATA[title of the pageOnline Shopping Site for Mobiles, Electronics, Furniture, Grocery, Lifestyle, Books & More. Best Offers!
URL of the pagehttps://www.flipkart.com/]]>
  </system-out>
</testsuite> <!-- TestNG.TestNG_Reports -->
