<?xml version="1.0" encoding="UTF-8"?>
<!-- Generated by org.testng.reporters.JUnitReportReporter -->
<testsuite hostname="NARAHARI-REDDY-9989" failures="0" tests="3" name="TestNG.TestNG_Parameters" time="0.024" errors="0" timestamp="2025-05-21T10:55:30 IST" skipped="0">
  <testcase classname="TestNG.TestNG_Parameters" name="AddCart" time="0.003"/>
  <testcase classname="TestNG.TestNG_Parameters" name="SearchProduct" time="0.003"/>
  <testcase classname="TestNG.TestNG_Parameters" name="Login" time="0.018"/>
</testsuite> <!-- TestNG.TestNG_Parameters -->
